Determining if the pthread_create exist failed with the following output:
Change Dir: /home/camix/Fiuba/Taller/TDP1-Portal/CMakeFiles/CMakeTmp

Run Build Command(s):/usr/bin/make cmTC_96771/fast 
/usr/bin/make -f CMakeFiles/cmTC_96771.dir/build.make CMakeFiles/cmTC_96771.dir/build
make[1]: Entering directory '/home/camix/Fiuba/Taller/TDP1-Portal/CMakeFiles/CMakeTmp'
Building C object CMakeFiles/cmTC_96771.dir/CheckSymbolExists.c.o
/usr/bin/cc    -o CMakeFiles/cmTC_96771.dir/CheckSymbolExists.c.o   -c /home/camix/Fiuba/Taller/TDP1-Portal/CMakeFiles/CMakeTmp/CheckSymbolExists.c
Linking C executable cmTC_96771
/snap/clion/70/bin/cmake/linux/bin/cmake -E cmake_link_script CMakeFiles/cmTC_96771.dir/link.txt --verbose=1
/usr/bin/cc      -rdynamic CMakeFiles/cmTC_96771.dir/CheckSymbolExists.c.o  -o cmTC_96771 
CMakeFiles/cmTC_96771.dir/CheckSymbolExists.c.o: In function `main':
CheckSymbolExists.c:(.text+0x1b): undefined reference to `pthread_create'
collect2: error: ld returned 1 exit status
CMakeFiles/cmTC_96771.dir/build.make:86: recipe for target 'cmTC_96771' failed
make[1]: *** [cmTC_96771] Error 1
make[1]: Leaving directory '/home/camix/Fiuba/Taller/TDP1-Portal/CMakeFiles/CMakeTmp'
Makefile:121: recipe for target 'cmTC_96771/fast' failed
make: *** [cmTC_96771/fast] Error 2

File /home/camix/Fiuba/Taller/TDP1-Portal/CMakeFiles/CMakeTmp/CheckSymbolExists.c:
/* */
#include <pthread.h>

int main(int argc, char** argv)
{
  (void)argv;
#ifndef pthread_create
  return ((int*)(&pthread_create))[argc];
#else
  (void)argc;
  return 0;
#endif
}

Determining if the function pthread_create exists in the pthreads failed with the following output:
Change Dir: /home/camix/Fiuba/Taller/TDP1-Portal/CMakeFiles/CMakeTmp

Run Build Command(s):/usr/bin/make cmTC_08f6e/fast 
/usr/bin/make -f CMakeFiles/cmTC_08f6e.dir/build.make CMakeFiles/cmTC_08f6e.dir/build
make[1]: Entering directory '/home/camix/Fiuba/Taller/TDP1-Portal/CMakeFiles/CMakeTmp'
Building C object CMakeFiles/cmTC_08f6e.dir/CheckFunctionExists.c.o
/usr/bin/cc   -DCHECK_FUNCTION_EXISTS=pthread_create   -o CMakeFiles/cmTC_08f6e.dir/CheckFunctionExists.c.o   -c /snap/clion/70/bin/cmake/linux/share/cmake-3.14/Modules/CheckFunctionExists.c
Linking C executable cmTC_08f6e
/snap/clion/70/bin/cmake/linux/bin/cmake -E cmake_link_script CMakeFiles/cmTC_08f6e.dir/link.txt --verbose=1
/usr/bin/cc  -DCHECK_FUNCTION_EXISTS=pthread_create    -rdynamic CMakeFiles/cmTC_08f6e.dir/CheckFunctionExists.c.o  -o cmTC_08f6e -lpthreads 
/usr/bin/ld: cannot find -lpthreads
collect2: error: ld returned 1 exit status
CMakeFiles/cmTC_08f6e.dir/build.make:86: recipe for target 'cmTC_08f6e' failed
make[1]: *** [cmTC_08f6e] Error 1
make[1]: Leaving directory '/home/camix/Fiuba/Taller/TDP1-Portal/CMakeFiles/CMakeTmp'
Makefile:121: recipe for target 'cmTC_08f6e/fast' failed
make: *** [cmTC_08f6e/fast] Error 2


